<?xml version='1.0' encoding='UTF-8'?>
<testsuite hostname="acl01" name="Hw1Test" tests="7" errors="0" failures="0" skipped="0" time="0.021" timestamp="2021-09-21T15:53:59">
                     <properties>
      <property name="jline.esc.timeout" value="0"/><property name="jna.platform.library.path" value="/usr/lib/x86_64-linux-gnu:/lib/x86_64-linux-gnu:/usr/lib64:/lib64:/usr/lib:/lib:/lib32:/usr/local/lib:/usr/local/cuda-11.0/targets/x86_64-linux/lib:/usr/lib/x86_64-linux-gnu/libfakeroot"/><property name="java.runtime.name" value="OpenJDK Runtime Environment"/><property name="sun.boot.library.path" value="/home/minjae/.sdkman/candidates/java/8.0.292.hs-adpt/jre/lib/amd64"/><property name="java.vm.version" value="25.292-b10"/><property name="java.vm.vendor" value="AdoptOpenJDK"/><property name="java.vendor.url" value="https://adoptopenjdk.net/"/><property name="path.separator" value=":"/><property name="jna.loaded" value="true"/><property name="java.vm.name" value="OpenJDK 64-Bit Server VM"/><property name="file.encoding.pkg" value="sun.io"/><property name="user.country" value="US"/><property name="sun.java.launcher" value="SUN_STANDARD"/><property name="sun.os.patch.level" value="unknown"/><property name="jna.nosys" value="true"/><property name="java.vm.specification.name" value="Java Virtual Machine Specification"/><property name="user.dir" value="/home/minjae/Unist_course/2021_2/programming_language/hw/hw1"/><property name="java.runtime.version" value="1.8.0_292-b10"/><property name="java.awt.graphicsenv" value="sun.awt.X11GraphicsEnvironment"/><property name="java.endorsed.dirs" value="/home/minjae/.sdkman/candidates/java/8.0.292.hs-adpt/jre/lib/endorsed"/><property name="os.arch" value="amd64"/><property name="java.io.tmpdir" value="/tmp"/><property name="line.separator" value="
"/><property name="java.vm.specification.vendor" value="Oracle Corporation"/><property name="log4j.ignoreTCL" value="true"/><property name="os.name" value="Linux"/><property name="sun.jnu.encoding" value="UTF-8"/><property name="jnidispatch.path" value="/home/minjae/.cache/JNA/temp/jna7605535324647583366.tmp"/><property name="java.library.path" value="/usr/java/packages/lib/amd64:/usr/lib64:/lib64:/lib:/usr/lib"/><property name="java.specification.name" value="Java Platform API Specification"/><property name="java.class.version" value="52.0"/><property name="sun.management.compiler" value="HotSpot 64-Bit Tiered Compilers"/><property name="os.version" value="5.4.0-42-generic"/><property name="swoval.tmpdir" value="/home/minjae/.sbt/1.0"/><property name="user.home" value="/home/minjae"/><property name="user.timezone" value="Asia/Seoul"/><property name="java.awt.printerjob" value="sun.print.PSPrinterJob"/><property name="file.encoding" value="UTF-8"/><property name="java.specification.version" value="1.8"/><property name="java.class.path" value="/home/minjae/.sdkman/candidates/sbt/1.5.5/bin/sbt-launch.jar"/><property name="user.name" value="minjae"/><property name="jline.shutdownhook" value="false"/><property name="java.vm.specification.version" value="1.8"/><property name="sun.java.command" value="/home/minjae/.sdkman/candidates/sbt/1.5.5/bin/sbt-launch.jar"/><property name="java.home" value="/home/minjae/.sdkman/candidates/java/8.0.292.hs-adpt/jre"/><property name="sun.arch.data.model" value="64"/><property name="user.language" value="en"/><property name="java.specification.vendor" value="Oracle Corporation"/><property name="awt.toolkit" value="sun.awt.X11.XToolkit"/><property name="java.vm.info" value="mixed mode"/><property name="java.version" value="1.8.0_292"/><property name="java.ext.dirs" value="/home/minjae/.sdkman/candidates/java/8.0.292.hs-adpt/jre/lib/ext:/usr/java/packages/lib/ext"/><property name="sun.boot.class.path" value="/home/minjae/.sdkman/candidates/java/8.0.292.hs-adpt/jre/lib/resources.jar:/home/minjae/.sdkman/candidates/java/8.0.292.hs-adpt/jre/lib/rt.jar:/home/minjae/.sdkman/candidates/java/8.0.292.hs-adpt/jre/lib/sunrsasign.jar:/home/minjae/.sdkman/candidates/java/8.0.292.hs-adpt/jre/lib/jsse.jar:/home/minjae/.sdkman/candidates/java/8.0.292.hs-adpt/jre/lib/jce.jar:/home/minjae/.sdkman/candidates/java/8.0.292.hs-adpt/jre/lib/charsets.jar:/home/minjae/.sdkman/candidates/java/8.0.292.hs-adpt/jre/lib/jfr.jar:/home/minjae/.sdkman/candidates/java/8.0.292.hs-adpt/jre/classes"/><property name="java.vendor" value="AdoptOpenJDK"/><property name="file.separator" value="/"/><property name="java.vendor.url.bug" value="https://github.com/AdoptOpenJDK/openjdk-support/issues"/><property name="sun.io.unicode.encoding" value="UnicodeLittle"/><property name="sun.cpu.endian" value="little"/><property name="sun.cpu.isalist" value=""/>
    </properties>
                     <testcase classname="Hw1Test" name="Hw1.gcd" time="0.016">
                                                 
                                               </testcase><testcase classname="Hw1Test" name="Hw1.oddSum" time="0.001">
                                                 
                                               </testcase><testcase classname="Hw1Test" name="Hw1.foldRight" time="0.001">
                                                 
                                               </testcase><testcase classname="Hw1Test" name="Hw1.map" time="0.0">
                                                 
                                               </testcase><testcase classname="Hw1Test" name="Hw1.iter" time="0.001">
                                                 
                                               </testcase><testcase classname="Hw1Test" name="Hw1.insert" time="0.001">
                                                 
                                               </testcase><testcase classname="Hw1Test" name="Hw1.eval" time="0.001">
                                                 
                                               </testcase>
                     <system-out><![CDATA[]]></system-out>
                     <system-err><![CDATA[]]></system-err>
                   </testsuite>